<?xml version="1.0" encoding="UTF-8"?>
<testsuite xmlns:xsi="http://www.w3.org/2001/XMLSchema-instance" xsi:noNamespaceSchemaLocation="https://maven.apache.org/surefire/maven-surefire-plugin/xsd/surefire-test-report.xsd" name="sn.faty.Test.CalculatorTest" time="0.001" tests="7" errors="0" skipped="0" failures="0">
  <properties>
[...]
</properties>
  <testcase name="testdivide" classname="sn.faty.Test.CalculatorTest" time="0"/>
  <testcase name="testSum" classname="sn.faty.Test.CalculatorTest" time="0"/>
  <testcase name="testminus" classname="sn.faty.Test.CalculatorTest" time="0"/>
  <testcase name="maxElement" classname="sn.faty.Test.CalculatorTest" time="0"/>
  <testcase name="max" classname="sn.faty.Test.CalculatorTest" time="0"/>
  <testcase name="min" classname="sn.faty.Test.CalculatorTest" time="0"/>
  <testcase name="minElement" classname="sn.faty.Test.CalculatorTest" time="0"/>
</testsuite>